Support/build/outputs/logs/manifest-merger-google-debug-report.txt
-- Merging decision tree log ---
manifest
ADDED from src\main\AndroidManifest.xml:12:1-23:12
INJECTED from src\main\AndroidManifest.xml:12:1-23:12
INJECTED from src\main\AndroidManifest.xml:12:1-23:12
INJECTED from src\main\AndroidManifest.xml:12:1-23:12
INJECTED from src\main\AndroidManifest.xml:12:1-23:12
INJECTED from src\main\AndroidManifest.xml:12:1-23:12
INJECTED from src\main\AndroidManifest.xml:12:1-23:12
	package
		ADDED from src\main\AndroidManifest.xml:12:70-99
		INJECTED from src\main\AndroidManifest.xml
		INJECTED from src\main\AndroidManifest.xml
	android:versionName
		INJECTED from src\main\AndroidManifest.xml
		ADDED from src\main\AndroidManifest.xml:12:1-23:12
		INJECTED from src\main\AndroidManifest.xml
	android:versionCode
		INJECTED from src\main\AndroidManifest.xml
		ADDED from src\main\AndroidManifest.xml:12:1-23:12
		INJECTED from src\main\AndroidManifest.xml
	xmlns:android
		ADDED from src\main\AndroidManifest.xml:12:11-69
application
ADDED from src\main\AndroidManifest.xml:14:5-21:19
	android:supportsRtl
		ADDED from src\main\AndroidManifest.xml:15:9-35
	android:label
		ADDED from src\main\AndroidManifest.xml:14:18-50
activity#com.bbm.sdk.support.ui.widgets.activities.PasscodeChallengeActivity
ADDED from src\main\AndroidManifest.xml:17:9-19:45
	android:launchMode
		ADDED from src\main\AndroidManifest.xml:19:13-43
	android:theme
		ADDED from src\main\AndroidManifest.xml:18:13-64
	android:name
		ADDED from src\main\AndroidManifest.xml:17:19-82
uses-sdk
INJECTED from src\main\AndroidManifest.xml reason: use-sdk injection requested
INJECTED from src\main\AndroidManifest.xml
INJECTED from src\main\AndroidManifest.xml
INJECTED from src\main\AndroidManifest.xml
INJECTED from src\main\AndroidManifest.xml
	android:targetSdkVersion
		INJECTED from src\main\AndroidManifest.xml
		ADDED from src\main\AndroidManifest.xml
		INJECTED from src\main\AndroidManifest.xml
	android:minSdkVersion
		INJECTED from src\main\AndroidManifest.xml
		ADDED from src\main\AndroidManifest.xml
		INJECTED from src\main\AndroidManifest.xml